This is pdfTeX, Version 3.141592653-2.6-1.40.23 (TeX Live 2021/Arch Linux) (preloaded format=pdflatex 2022.4.17)  18 APR 2022 19:11
entering extended mode
 restricted \write18 enabled.
 %&-line parsing enabled.
**/home/bam/build/tree-sitter-rnoweb/example/main.tex
(/home/bam/build/tree-sitter-rnoweb/example/main.tex
LaTeX2e <2021-11-15> patch level 1
L3 programming layer <2022-02-24>

! LaTeX Error: Missing \begin{document}.

See the LaTeX manual or LaTeX Companion for explanation.
Type  H <return>  for immediate help.
 ...                                              
                                                  
l.1 T
     his is the start of the main text.
? 
! Emergency stop.
 ...                                              
                                                  
l.1 T
     his is the start of the main text.
You're in trouble here.  Try typing  <return>  to proceed.
If that doesn't work, type  X <return>  to quit.

 
Here is how much of TeX's memory you used:
 18 strings out of 478276
 642 string characters out of 5853013
 289381 words of memory out of 5000000
 18324 multiletter control sequences out of 15000+600000
 469259 words of font info for 28 fonts, out of 8000000 for 9000
 1141 hyphenation exceptions out of 8191
 13i,0n,12p,119b,14s stack positions out of 5000i,500n,10000p,200000b,80000s
!  ==> Fatal error occurred, no output PDF file produced!
